<?xml version="1.0" encoding="UTF-8"?>
<!-- Generated by org.testng.reporters.JUnitXMLReporter -->
<testsuite hostname="IBM-Testing01" ignored="0" name="Default test" tests="3" failures="0" timestamp="17 Feb 2020 12:50:31 GMT" time="50.665" errors="0">
  <testcase name="ComplexTesto" time="3.571" classname="com.training.sanity.tests.ComplexTest"/>
  <testcase name="ComplexTesto" time="3.77" classname="com.training.sanity.tests.ComplexTest"/>
  <testcase name="ComplexTesto" time="3.214" classname="com.training.sanity.tests.ComplexTest"/>
</testsuite> <!-- Default test -->
