<?xml version="1.0" encoding="UTF-8"?>
<!-- Generated by org.testng.reporters.JUnitXMLReporter -->
<testsuite hostname="IBM-Testing01" ignored="0" name="Default test" tests="3" failures="0" timestamp="17 Feb 2020 10:45:10 GMT" time="60.574" errors="0">
  <testcase name="contactsPayment" time="9.64" classname="com.training.sanity.tests.ContactsPaymentTest"/>
  <testcase name="contactsPayment" time="5.612" classname="com.training.sanity.tests.ContactsPaymentTest"/>
  <testcase name="contactsPayment" time="4.479" classname="com.training.sanity.tests.ContactsPaymentTest"/>
</testsuite> <!-- Default test -->
