<?xml version="1.0" encoding="UTF-8"?>
<testng-results skipped="0" failed="0" ignored="0" total="1" passed="1">
  <reporter-output>
  </reporter-output>
  <suite name="Default suite" duration-ms="61619" started-at="2020-02-13T06:20:43Z" finished-at="2020-02-13T06:21:45Z">
    <groups>
    </groups>
    <test name="Default test" duration-ms="61619" started-at="2020-02-13T06:20:43Z" finished-at="2020-02-13T06:21:45Z">
      <class name="com.training.sanity.tests.MemPayView">
        <test-method status="PASS" signature="setUpBeforeClass()[pri:0, instance:com.training.sanity.tests.MemPayView@3bfdc050]" name="setUpBeforeClass" is-config="true" duration-ms="13" started-at="2020-02-13T06:20:43Z" finished-at="2020-02-13T06:20:43Z">
          <reporter-output>
          </reporter-output>
        </test-method> <!-- setUpBeforeClass -->
        <test-method status="PASS" signature="setUp()[pri:0, instance:com.training.sanity.tests.MemPayView@3bfdc050]" name="setUp" is-config="true" duration-ms="39293" started-at="2020-02-13T06:20:43Z" finished-at="2020-02-13T06:21:23Z">
          <reporter-output>
          </reporter-output>
        </test-method> <!-- setUp -->
        <test-method status="PASS" signature="Step1()[pri:1, instance:com.training.sanity.tests.MemPayView@3bfdc050]" name="Step1" duration-ms="21279" started-at="2020-02-13T06:21:23Z" finished-at="2020-02-13T06:21:44Z">
          <reporter-output>
          </reporter-output>
        </test-method> <!-- Step1 -->
        <test-method status="PASS" signature="teardown()[pri:0, instance:com.training.sanity.tests.MemPayView@3bfdc050]" name="teardown" is-config="true" duration-ms="1002" started-at="2020-02-13T06:21:44Z" finished-at="2020-02-13T06:21:45Z">
          <reporter-output>
          </reporter-output>
        </test-method> <!-- teardown -->
      </class> <!-- com.training.sanity.tests.MemPayView -->
    </test> <!-- Default test -->
  </suite> <!-- Default suite -->
</testng-results>
